  DatabaseManager.cpp
C:\Program Files\Microsoft Visual Studio\2022\Community\VC\Tools\MSVC\14.44.35207\include\xutility(4813,18): warning C4244: =: преобразование "const wchar_t" в "char", возможна потеря данных
  (компиляция исходного файла "DatabaseManager.cpp")
      C:\Program Files\Microsoft Visual Studio\2022\Community\VC\Tools\MSVC\14.44.35207\include\xutility(4813,18):
      контекст создания экземпляра шаблона (сначала самый старый)
          C:\Users\PC40\Desktop\ByteKeeperApp\ByteKeeperApp\DatabaseManager.cpp(169,27):
          выполняется компиляция ссылки на экземпляр шаблон функции "std::basic_string<char,std::char_traits<char>,std::allocator<char>>::basic_string<std::_String_const_iterator<std::_String_val<std::_Simple_types<_Elem>>>,0>(_Iter,_Iter,const _Alloc &)"
          with
          [
              _Elem=wchar_t,
              _Iter=std::_String_const_iterator<std::_String_val<std::_Simple_types<wchar_t>>>,
              _Alloc=std::allocator<char>
          ]
              C:\Users\PC40\Desktop\ByteKeeperApp\ByteKeeperApp\DatabaseManager.cpp(169,27):
              см. первую ссылку на "std::basic_string<char,std::char_traits<char>,std::allocator<char>>::basic_string" в "DatabaseManager::changeDatabase"
          C:\Program Files\Microsoft Visual Studio\2022\Community\VC\Tools\MSVC\14.44.35207\include\xstring(812,17):
          выполняется компиляция ссылки на экземпляр шаблон функции "void std::basic_string<char,std::char_traits<char>,std::allocator<char>>::_Construct_from_iter<const wchar_t*,const wchar_t*,_Size_type>(_Iter,const _Sent,_Size)"
          with
          [
              _Size_type=std::+::_Size_type,
              _Iter=const wchar_t *,
              _Sent=const wchar_t *,
              _Size=std::+::_Size_type
          ]
          C:\Program Files\Microsoft Visual Studio\2022\Community\VC\Tools\MSVC\14.44.35207\include\xstring(968,18):
          выполняется компиляция ссылки на экземпляр шаблон функции "_OutIt *std::_Copy_n_unchecked4<const wchar_t*,_Size,char*>(_InIt,_SizeTy,_OutIt)"
          with
          [
              _OutIt=char *,
              _Size=std::+::_Size_type,
              _InIt=const wchar_t *,
              _SizeTy=std::+::_Size_type
          ]
  
  main.cpp
C:\Users\PC40\Desktop\ByteKeeperApp\ByteKeeperApp\main.cpp(41,17): warning C4267: инициализация: преобразование из "size_t" в "int"; возможна потеря данных
  Создание кода...
  ByteKeeperApp.vcxproj -> C:\Users\PC40\Desktop\ByteKeeperApp\x64\Debug\ByteKeeperApp.exe
